0 info it worked if it ends with ok
1 verbose cli [ '/usr/bin/node', '/usr/bin/npm', 'start' ]
2 info using npm@3.10.3
3 info using node@v6.3.0
4 verbose run-script [ 'prestart', 'start', 'poststart' ]
5 info lifecycle ofjs@0.1.0~prestart: ofjs@0.1.0
6 silly lifecycle ofjs@0.1.0~prestart: no script for prestart, continuing
7 info lifecycle ofjs@0.1.0~start: ofjs@0.1.0
8 verbose lifecycle ofjs@0.1.0~start: unsafe-perm in lifecycle true
9 verbose lifecycle ofjs@0.1.0~start: PATH: /usr/lib/node_modules/npm/bin/node-gyp-bin:/home/hbp/repos/openflow/ofjs/node_modules/.bin:/usr/bin:/home/hbp/google-cloud-sdk/bin:/usr/lib64/qt-3.3/bin:/usr/local/bin:/usr/bin:/bin:/home/hbp/bin:/usr/local/sbin:/usr/sbin:/home/hbp/.local/bin:/home/hbp/bin
10 verbose lifecycle ofjs@0.1.0~start: CWD: /home/hbp/repos/openflow/ofjs
11 silly lifecycle ofjs@0.1.0~start: Args: [ '-c', 'node --stack-size=524288 build/index.js' ]
12 silly lifecycle ofjs@0.1.0~start: Returned: code: 1  signal: null
13 info lifecycle ofjs@0.1.0~start: Failed to exec start script
14 verbose stack Error: ofjs@0.1.0 start: `node --stack-size=524288 build/index.js`
14 verbose stack Exit status 1
14 verbose stack     at EventEmitter.<anonymous> (/usr/lib/node_modules/npm/lib/utils/lifecycle.js:242:16)
14 verbose stack     at emitTwo (events.js:106:13)
14 verbose stack     at EventEmitter.emit (events.js:191:7)
14 verbose stack     at ChildProcess.<anonymous> (/usr/lib/node_modules/npm/lib/utils/spawn.js:40:14)
14 verbose stack     at emitTwo (events.js:106:13)
14 verbose stack     at ChildProcess.emit (events.js:191:7)
14 verbose stack     at maybeClose (internal/child_process.js:852:16)
14 verbose stack     at Process.ChildProcess._handle.onexit (internal/child_process.js:215:5)
15 verbose pkgid ofjs@0.1.0
16 verbose cwd /home/hbp/repos/openflow/ofjs/lib
17 error Linux 4.4.14-200.fc22.x86_64
18 error argv "/usr/bin/node" "/usr/bin/npm" "start"
19 error node v6.3.0
20 error npm  v3.10.3
21 error code ELIFECYCLE
22 error ofjs@0.1.0 start: `node --stack-size=524288 build/index.js`
22 error Exit status 1
23 error Failed at the ofjs@0.1.0 start script 'node --stack-size=524288 build/index.js'.
23 error Make sure you have the latest version of node.js and npm installed.
23 error If you do, this is most likely a problem with the ofjs package,
23 error not with npm itself.
23 error Tell the author that this fails on your system:
23 error     node --stack-size=524288 build/index.js
23 error You can get information on how to open an issue for this project with:
23 error     npm bugs ofjs
23 error Or if that isn't available, you can get their info via:
23 error     npm owner ls ofjs
23 error There is likely additional logging output above.
24 verbose exit [ 1, true ]
